{
  "0 debug pnpm:scope": {
    "selected": 1
  },
  "1 error pnpm": {
    "code": "ELIFECYCLE",
    "errno": "ENOENT",
    "syscall": "spawn",
    "file": "sh",
    "pkgid": "threejs-sveltekit@1.0.0",
    "stage": "dev",
    "script": "vite dev",
    "pkgname": "threejs-sveltekit",
    "err": {
      "name": "pnpm",
      "message": "threejs-sveltekit@1.0.0 dev: `vite dev`\nspawn ENOENT",
      "code": "ELIFECYCLE",
      "stack": "pnpm: threejs-sveltekit@1.0.0 dev: `vite dev`\nspawn ENOENT\n    at ChildProcess.<anonymous> (/Users/salvatoredangelo/.nvm/versions/node/v18.4.0/lib/node_modules/pnpm/dist/pnpm.cjs:95169:22)\n    at ChildProcess.emit (node:events:537:28)\n    at maybeClose (node:internal/child_process:1091:16)\n    at ChildProcess._handle.onexit (node:internal/child_process:302:5)"
    }
  },
  "2 warn pnpm:global": " Local package.json exists, but node_modules missing, did you mean to install?"
}